open scope
declare a as pointer to pointer to int
declare b as array of 10 int
declare c as array of 11 pointer to int
declare d as array of 12 pointer to pointer to char
open scope
declare e as pointer to int
declare f as pointer to pointer to char
declare testing_pointer_replacement_on_arrays as function returning int
close scope
open scope
declare g as pointer to function returning int
declare h as pointer to function returning char
declare testing_pointer_replacement_on_func as function returning char
close scope
open scope
declare e as pointer to int
declare f as pointer to pointer to char
declare g as pointer to function returning int
declare h as pointer to function returning char
declare testing_both as function returning int
close scope
close scope
15
